<?xml version="1.0" encoding="UTF-8"?>
<!-- Generated by org.testng.reporters.JUnitReportReporter -->
<testsuite hostname="Jeyanthi" failures="0" tests="1" name="testCases.TC_001_AccountRegistrationTest" time="2.746" errors="0" timestamp="2025-08-25T10:23:53 IST" skipped="0">
  <testcase classname="testCases.TC_001_AccountRegistrationTest" name="verify_account_registration" time="2.746"/>
</testsuite> <!-- testCases.TC_001_AccountRegistrationTest -->
