<?xml version="1.0" encoding="UTF-8"?>
<!-- Generated by org.testng.reporters.JUnitReportReporter -->
<testsuite hostname="Jeyanthi" failures="0" tests="5" name="testCases.TC_003_LoginDataDrivenTest" time="53.713" errors="0" timestamp="2025-08-15T12:45:23 IST" skipped="0">
  <testcase classname="testCases.TC_003_LoginDataDrivenTest" name="test_Loginddt" time="12.679"/>
  <testcase classname="testCases.TC_003_LoginDataDrivenTest" name="test_Loginddt" time="2.930"/>
  <testcase classname="testCases.TC_003_LoginDataDrivenTest" name="test_Loginddt" time="14.810"/>
  <testcase classname="testCases.TC_003_LoginDataDrivenTest" name="test_Loginddt" time="11.952"/>
  <testcase classname="testCases.TC_003_LoginDataDrivenTest" name="test_Loginddt" time="11.342"/>
</testsuite> <!-- testCases.TC_003_LoginDataDrivenTest -->
